Starting the script...
Hello, Inas!
Generated random number: 7
Counting down from 7
Counting down from 
7
6
5
4
3
2
1
Success!
Script execution completed.
Starting the script...
Please choose an option:
1) Print Greeting
2) Generate Random Number
3) Count Down
4) Exit
Hello, Inas!
Hello, Inas!
Please choose an option:
1) Print Greeting
2) Generate Random Number
3) Count Down
4) Exit
Generated random number: 3
Generated random number: 3
Please choose an option:
1) Print Greeting
2) Generate Random Number
3) Count Down
4) Exit
Counting down from 9
Counting down from 9
9
9
8
8
7
7
6
6
5
5
4
4
3
3
2
2
1
1
Success!
Success!
Please choose an option:
1) Print Greeting
2) Generate Random Number
3) Count Down
4) Exit
Exiting the script.
Exiting the script.
